04/01 21:12:38:893882: = Début encodage du fichier data/benchmark/size/10000-octets.txt
04/01 21:12:38:894002: === Début de l'encodage du texte
04/01 21:12:38:894029: === Calcul des fréquences d'apparition des caractères du texte
04/01 21:12:38:898561: === Creation de l'arbre de Huffman (Module 2)
04/01 21:12:38:902570: === Création du dictionnaire d'encodage
04/01 21:12:38:904385: === Génération de l'image de l'arbre
04/01 21:12:38:904411: === Encodage du texte en flot binaire
04/01 21:12:39:041125: === Fin de l'encodage du texte
04/01 21:12:39:041189: == Ecriture du fichier binaire à partir du flux
04/01 21:12:39:042200: == Ecriture du fichier dictionnaire de correspondance
04/01 21:12:39:042338: == Fin encodage du fichier
04/01 21:12:39:042376: == Taille originale : 10000 octets
04/01 21:12:39:042393: == Taille du fichier binaire encodé : 9887 octets
04/01 21:12:39:042405: == Taille du fichier dictionnnaire : 7683 octets
04/01 21:12:39:042418: = Taux de compression = 175 %
04/01 21:12:39:042731: = Decodage du fichier data/benchmark/size/10000-octets.txt.huffman-encoded
04/01 21:12:39:042827: == Restauration du dictionnaire de correspondance
04/01 21:12:39:053398: == Lecture du flux binaire
04/01 21:12:39:053827: == Décodage des bits en texte
04/01 21:12:39:053943: === Début du décodage du flux binaire de Huffman avec son dictionnaire (Module 3)
04/01 21:12:48:037821: == Ecriture du fichier original
04/01 21:12:48:038142: = Fin du décodage du fichier
04/01 21:13:23:756983: = Début encodage du fichier data/benchmark/size/140000-octets.txt
04/01 21:13:23:757204: === Début de l'encodage du texte
04/01 21:13:23:757308: === Calcul des fréquences d'apparition des caractères du texte
04/01 21:13:23:819130: === Creation de l'arbre de Huffman (Module 2)
04/01 21:13:23:837125: === Création du dictionnaire d'encodage
04/01 21:13:23:845525: === Génération de l'image de l'arbre
04/01 21:13:23:845572: === Encodage du texte en flot binaire
04/01 21:13:26:044756: === Fin de l'encodage du texte
04/01 21:13:26:044831: == Ecriture du fichier binaire à partir du flux
04/01 21:13:26:052956: == Ecriture du fichier dictionnaire de correspondance
04/01 21:13:26:053237: == Fin encodage du fichier
04/01 21:13:26:053288: == Taille originale : 140000 octets
04/01 21:13:26:053308: == Taille du fichier binaire encodé : 140019 octets
04/01 21:13:26:053322: == Taille du fichier dictionnnaire : 47033 octets
04/01 21:13:26:053336: = Taux de compression = 133 %
04/01 21:13:26:053703: = Decodage du fichier data/benchmark/size/140000-octets.txt.huffman-encoded
04/01 21:13:26:053799: == Restauration du dictionnaire de correspondance
04/01 21:13:26:091796: == Lecture du flux binaire
04/01 21:13:26:094553: == Décodage des bits en texte
04/01 21:13:26:094645: === Début du décodage du flux binaire de Huffman avec son dictionnaire (Module 3)
04/01 21:13:26:097942: == Ecriture du fichier original
04/01 21:13:26:098253: = Fin du décodage du fichier
04/01 21:13:45:330708: = Début encodage du fichier data/benchmark/size/140000-octets.txt
04/01 21:13:45:330951: === Début de l'encodage du texte
04/01 21:13:45:331075: === Calcul des fréquences d'apparition des caractères du texte
04/01 21:13:45:396874: === Creation de l'arbre de Huffman (Module 2)
04/01 21:13:45:416477: === Création du dictionnaire d'encodage
04/01 21:13:45:426021: === Génération de l'image de l'arbre
04/01 21:13:45:426080: === Encodage du texte en flot binaire
04/01 21:13:47:531604: === Fin de l'encodage du texte
04/01 21:13:47:531678: == Ecriture du fichier binaire à partir du flux
04/01 21:13:47:539092: == Ecriture du fichier dictionnaire de correspondance
04/01 21:13:47:539293: == Fin encodage du fichier
04/01 21:13:47:539337: == Taille originale : 140000 octets
04/01 21:13:47:539354: == Taille du fichier binaire encodé : 140019 octets
04/01 21:13:47:539367: == Taille du fichier dictionnnaire : 47033 octets
04/01 21:13:47:539380: = Taux de compression = 133 %
04/01 21:13:47:539728: = Decodage du fichier data/benchmark/size/140000-octets.txt.huffman-encoded
04/01 21:13:47:539819: == Restauration du dictionnaire de correspondance
04/01 21:13:47:582222: == Lecture du flux binaire
04/01 21:13:47:585117: == Décodage des bits en texte
04/01 21:13:47:585213: === Début du décodage du flux binaire de Huffman avec son dictionnaire (Module 3)
04/01 21:13:47:587873: == Ecriture du fichier original
04/01 21:13:47:588134: = Fin du décodage du fichier
04/01 21:13:58:040215: = Début encodage du fichier data/benchmark/size/10000-octets.txt
04/01 21:13:58:040328: === Début de l'encodage du texte
04/01 21:13:58:040351: === Calcul des fréquences d'apparition des caractères du texte
04/01 21:13:58:044274: === Creation de l'arbre de Huffman (Module 2)
04/01 21:13:58:047974: === Création du dictionnaire d'encodage
04/01 21:13:58:049673: === Génération de l'image de l'arbre
04/01 21:13:58:049693: === Encodage du texte en flot binaire
04/01 21:13:58:195784: === Fin de l'encodage du texte
04/01 21:13:58:195843: == Ecriture du fichier binaire à partir du flux
04/01 21:13:58:199253: == Ecriture du fichier dictionnaire de correspondance
04/01 21:13:58:199420: == Fin encodage du fichier
04/01 21:13:58:199466: == Taille originale : 10000 octets
04/01 21:13:58:199484: == Taille du fichier binaire encodé : 9887 octets
04/01 21:13:58:199499: == Taille du fichier dictionnnaire : 7683 octets
04/01 21:13:58:199513: = Taux de compression = 175 %
04/01 21:13:58:199904: = Decodage du fichier data/benchmark/size/10000-octets.txt.huffman-encoded
04/01 21:13:58:200001: == Restauration du dictionnaire de correspondance
04/01 21:13:58:213156: == Lecture du flux binaire
04/01 21:13:58:213894: == Décodage des bits en texte
04/01 21:13:58:214052: === Début du décodage du flux binaire de Huffman avec son dictionnaire (Module 3)
04/01 21:14:07:452327: == Ecriture du fichier original
04/01 21:14:07:452919: = Fin du décodage du fichier
04/01 21:15:58:264511: = Début encodage du fichier data/benchmark/size/10000-octets.txt
04/01 21:15:58:264637: === Début de l'encodage du texte
04/01 21:15:58:264669: === Calcul des fréquences d'apparition des caractères du texte
04/01 21:15:58:269036: === Creation de l'arbre de Huffman (Module 2)
04/01 21:15:58:272824: === Création du dictionnaire d'encodage
04/01 21:15:58:274671: === Génération de l'image de l'arbre
04/01 21:15:58:274708: === Encodage du texte en flot binaire
04/01 21:15:58:428486: === Fin de l'encodage du texte
04/01 21:15:58:428547: == Ecriture du fichier binaire à partir du flux
04/01 21:15:58:429501: == Ecriture du fichier dictionnaire de correspondance
04/01 21:15:58:429604: == Fin encodage du fichier
04/01 21:15:58:429642: == Taille originale : 10000 octets
04/01 21:15:58:429658: == Taille du fichier binaire encodé : 9887 octets
04/01 21:15:58:429675: == Taille du fichier dictionnnaire : 7683 octets
04/01 21:15:58:429688: = Taux de compression = 175 %
04/01 21:15:58:430017: = Decodage du fichier data/benchmark/size/10000-octets.txt.huffman-encoded
04/01 21:15:58:430099: == Restauration du dictionnaire de correspondance
04/01 21:15:58:441742: == Lecture du flux binaire
04/01 21:15:58:442187: == Décodage des bits en texte
04/01 21:15:58:442284: === Début du décodage du flux binaire de Huffman avec son dictionnaire (Module 3)
04/01 21:16:07:640990: == Ecriture du fichier original
04/01 21:16:07:641771: = Fin du décodage du fichier
04/01 21:16:41:444907: = Début encodage du fichier data/benchmark/size/140000-octets.txt
04/01 21:16:41:445158: === Début de l'encodage du texte
04/01 21:16:41:445260: === Calcul des fréquences d'apparition des caractères du texte
04/01 21:16:41:504544: === Creation de l'arbre de Huffman (Module 2)
04/01 21:16:41:521738: === Création du dictionnaire d'encodage
04/01 21:16:41:529829: === Génération de l'image de l'arbre
04/01 21:16:41:529876: === Encodage du texte en flot binaire
04/01 21:16:43:657797: === Fin de l'encodage du texte
04/01 21:16:43:657870: == Ecriture du fichier binaire à partir du flux
04/01 21:16:43:665330: == Ecriture du fichier dictionnaire de correspondance
04/01 21:16:43:665537: == Fin encodage du fichier
04/01 21:16:43:665594: == Taille originale : 140000 octets
04/01 21:16:43:665615: == Taille du fichier binaire encodé : 140057 octets
04/01 21:16:43:665630: == Taille du fichier dictionnnaire : 46447 octets
04/01 21:16:43:665645: = Taux de compression = 133 %
04/01 21:16:43:665992: = Decodage du fichier data/benchmark/size/140000-octets.txt.huffman-encoded
04/01 21:16:43:666090: == Restauration du dictionnaire de correspondance
04/01 21:16:43:700436: == Lecture du flux binaire
04/01 21:16:43:703215: == Décodage des bits en texte
04/01 21:16:43:703309: === Début du décodage du flux binaire de Huffman avec son dictionnaire (Module 3)
04/01 21:16:43:707381: == Ecriture du fichier original
04/01 21:16:43:707662: = Fin du décodage du fichier
04/01 21:16:59:933951: = Début encodage du fichier data/benchmark/size/10000-octets.txt
04/01 21:16:59:934055: === Début de l'encodage du texte
04/01 21:16:59:934080: === Calcul des fréquences d'apparition des caractères du texte
04/01 21:16:59:938005: === Creation de l'arbre de Huffman (Module 2)
04/01 21:16:59:941829: === Création du dictionnaire d'encodage
04/01 21:16:59:943536: === Génération de l'image de l'arbre
04/01 21:16:59:943557: === Encodage du texte en flot binaire
04/01 21:17:00:086177: === Fin de l'encodage du texte
04/01 21:17:00:086249: == Ecriture du fichier binaire à partir du flux
04/01 21:17:00:087170: == Ecriture du fichier dictionnaire de correspondance
04/01 21:17:00:087273: == Fin encodage du fichier
04/01 21:17:00:087312: == Taille originale : 10000 octets
04/01 21:17:00:087328: == Taille du fichier binaire encodé : 9873 octets
04/01 21:17:00:087345: == Taille du fichier dictionnnaire : 7781 octets
04/01 21:17:00:087359: = Taux de compression = 176 %
04/01 21:17:00:087704: = Decodage du fichier data/benchmark/size/10000-octets.txt.huffman-encoded
04/01 21:17:00:087787: == Restauration du dictionnaire de correspondance
04/01 21:17:00:101516: == Lecture du flux binaire
04/01 21:17:00:102049: == Décodage des bits en texte
04/01 21:17:00:102180: === Début du décodage du flux binaire de Huffman avec son dictionnaire (Module 3)
04/01 21:17:08:858357: == Ecriture du fichier original
04/01 21:17:08:858941: = Fin du décodage du fichier
04/01 21:17:35:890890: = Début encodage du fichier data/benchmark/size/80000-octets.txt
04/01 21:17:35:891135: === Début de l'encodage du texte
04/01 21:17:35:891177: === Calcul des fréquences d'apparition des caractères du texte
04/01 21:17:35:923583: === Creation de l'arbre de Huffman (Module 2)
04/01 21:17:35:936870: === Création du dictionnaire d'encodage
04/01 21:17:35:943249: === Génération de l'image de l'arbre
04/01 21:17:35:943294: === Encodage du texte en flot binaire
04/01 21:17:37:147750: === Fin de l'encodage du texte
04/01 21:17:37:147824: == Ecriture du fichier binaire à partir du flux
04/01 21:17:37:152830: == Ecriture du fichier dictionnaire de correspondance
04/01 21:17:37:153036: == Fin encodage du fichier
04/01 21:17:37:153085: == Taille originale : 80000 octets
04/01 21:17:37:153103: == Taille du fichier binaire encodé : 79877 octets
04/01 21:17:37:153117: == Taille du fichier dictionnnaire : 33578 octets
04/01 21:17:37:153130: = Taux de compression = 141 %
04/01 21:17:37:153473: = Decodage du fichier data/benchmark/size/80000-octets.txt.huffman-encoded
04/01 21:17:37:153594: == Restauration du dictionnaire de correspondance
04/01 21:17:37:182554: == Lecture du flux binaire
04/01 21:17:37:213061: == Décodage des bits en texte
04/01 21:17:37:213201: === Début du décodage du flux binaire de Huffman avec son dictionnaire (Module 3)
04/01 21:17:37:215683: == Ecriture du fichier original
04/01 21:17:37:215989: = Fin du décodage du fichier
04/01 21:19:05:688334: = Début encodage du fichier data/benchmark/size/25000-octets.txt
04/01 21:19:05:688443: === Début de l'encodage du texte
04/01 21:19:05:688492: === Calcul des fréquences d'apparition des caractères du texte
04/01 21:19:05:698297: === Creation de l'arbre de Huffman (Module 2)
04/01 21:19:05:704475: === Création du dictionnaire d'encodage
04/01 21:19:05:707202: === Génération de l'image de l'arbre
04/01 21:19:05:707223: === Encodage du texte en flot binaire
04/01 21:19:06:095321: === Fin de l'encodage du texte
04/01 21:19:06:095386: == Ecriture du fichier binaire à partir du flux
04/01 21:19:06:097432: == Ecriture du fichier dictionnaire de correspondance
04/01 21:19:06:097682: == Fin encodage du fichier
04/01 21:19:06:097731: == Taille originale : 25000 octets
04/01 21:19:06:097749: == Taille du fichier binaire encodé : 24851 octets
04/01 21:19:06:097763: == Taille du fichier dictionnnaire : 15447 octets
04/01 21:19:06:097776: = Taux de compression = 161 %
04/01 21:19:06:098151: = Decodage du fichier data/benchmark/size/25000-octets.txt.huffman-encoded
04/01 21:19:06:098247: == Restauration du dictionnaire de correspondance
04/01 21:19:06:119444: == Lecture du flux binaire
04/01 21:19:06:120133: == Décodage des bits en texte
04/01 21:19:06:120219: === Début du décodage du flux binaire de Huffman avec son dictionnaire (Module 3)
04/01 21:20:08:795896: == Ecriture du fichier original
04/01 21:20:08:796534: = Fin du décodage du fichier
04/01 21:21:06:773565: = Début encodage du fichier data/benchmark/size/90000-octets.txt
04/01 21:21:06:773710: === Début de l'encodage du texte
04/01 21:21:06:773783: === Calcul des fréquences d'apparition des caractères du texte
04/01 21:21:06:810344: === Creation de l'arbre de Huffman (Module 2)
04/01 21:21:06:824479: === Création du dictionnaire d'encodage
04/01 21:21:06:832309: === Génération de l'image de l'arbre
04/01 21:21:06:832388: === Encodage du texte en flot binaire
04/01 21:21:08:192365: === Fin de l'encodage du texte
04/01 21:21:08:192435: == Ecriture du fichier binaire à partir du flux
04/01 21:21:08:197728: == Ecriture du fichier dictionnaire de correspondance
04/01 21:21:08:197941: == Fin encodage du fichier
04/01 21:21:08:197983: == Taille originale : 90000 octets
04/01 21:21:08:198010: == Taille du fichier binaire encodé : 89973 octets
04/01 21:21:08:198025: == Taille du fichier dictionnnaire : 37383 octets
04/01 21:21:08:198039: = Taux de compression = 141 %
04/01 21:21:08:198370: = Decodage du fichier data/benchmark/size/90000-octets.txt.huffman-encoded
04/01 21:21:08:198456: == Restauration du dictionnaire de correspondance
04/01 21:21:08:210469: == Lecture du flux binaire
04/01 21:21:08:212611: == Décodage des bits en texte
04/01 21:21:08:212717: === Début du décodage du flux binaire de Huffman avec son dictionnaire (Module 3)
04/01 21:21:08:237497: == Ecriture du fichier original
04/01 21:21:08:237832: = Fin du décodage du fichier
04/01 21:21:18:354059: = Début encodage du fichier data/benchmark/size/80000-octets.txt
04/01 21:21:18:354199: === Début de l'encodage du texte
04/01 21:21:18:354265: === Calcul des fréquences d'apparition des caractères du texte
04/01 21:21:18:385963: === Creation de l'arbre de Huffman (Module 2)
04/01 21:21:18:399077: === Création du dictionnaire d'encodage
04/01 21:21:18:405293: === Génération de l'image de l'arbre
04/01 21:21:18:405333: === Encodage du texte en flot binaire
04/01 21:21:19:623826: === Fin de l'encodage du texte
04/01 21:21:19:623900: == Ecriture du fichier binaire à partir du flux
04/01 21:21:19:628693: == Ecriture du fichier dictionnaire de correspondance
04/01 21:21:19:628868: == Fin encodage du fichier
04/01 21:21:19:628909: == Taille originale : 80000 octets
04/01 21:21:19:628925: == Taille du fichier binaire encodé : 79877 octets
04/01 21:21:19:628937: == Taille du fichier dictionnnaire : 33578 octets
04/01 21:21:19:628971: = Taux de compression = 141 %
04/01 21:21:19:629326: = Decodage du fichier data/benchmark/size/80000-octets.txt.huffman-encoded
04/01 21:21:19:629423: == Restauration du dictionnaire de correspondance
04/01 21:21:19:662853: == Lecture du flux binaire
04/01 21:21:19:694118: == Décodage des bits en texte
04/01 21:21:19:694254: === Début du décodage du flux binaire de Huffman avec son dictionnaire (Module 3)
04/01 21:21:19:696677: == Ecriture du fichier original
04/01 21:21:19:696932: = Fin du décodage du fichier
04/01 21:21:28:352534: = Début encodage du fichier data/benchmark/size/50000-octets.txt
04/01 21:21:28:352697: === Début de l'encodage du texte
04/01 21:21:28:352735: === Calcul des fréquences d'apparition des caractères du texte
04/01 21:21:28:372921: === Creation de l'arbre de Huffman (Module 2)
04/01 21:21:28:382860: === Création du dictionnaire d'encodage
04/01 21:21:28:387218: === Génération de l'image de l'arbre
04/01 21:21:28:387278: === Encodage du texte en flot binaire
04/01 21:21:29:187792: === Fin de l'encodage du texte
04/01 21:21:29:187856: == Ecriture du fichier binaire à partir du flux
04/01 21:21:29:191346: == Ecriture du fichier dictionnaire de correspondance
04/01 21:21:29:191629: == Fin encodage du fichier
04/01 21:21:29:191675: == Taille originale : 50000 octets
04/01 21:21:29:191693: == Taille du fichier binaire encodé : 49855 octets
04/01 21:21:29:191706: == Taille du fichier dictionnnaire : 26155 octets
04/01 21:21:29:191718: = Taux de compression = 152 %
04/01 21:21:29:192061: = Decodage du fichier data/benchmark/size/50000-octets.txt.huffman-encoded
04/01 21:21:29:192176: == Restauration du dictionnaire de correspondance
04/01 21:21:29:229410: == Lecture du flux binaire
04/01 21:21:29:230997: == Décodage des bits en texte
04/01 21:21:29:231106: === Début du décodage du flux binaire de Huffman avec son dictionnaire (Module 3)
04/01 21:25:21:870951: == Ecriture du fichier original
04/01 21:25:21:871291: = Fin du décodage du fichier
04/01 21:30:27:233025: === Début de l'encodage du texte
04/01 21:30:27:233086: === Calcul des fréquences d'apparition des caractères du texte
04/01 21:30:27:233142: === Creation de l'arbre de Huffman (Module 2)
04/01 21:30:27:233316: === Création du dictionnaire d'encodage
04/01 21:30:27:233410: === Génération de l'image de l'arbre
04/01 21:30:27:233427: === Encodage du texte en flot binaire
04/01 21:30:27:235104: === Fin de l'encodage du texte
04/01 21:30:27:235142: === Début du décodage du flux binaire de Huffman avec son dictionnaire (Module 3)
04/01 21:30:27:240024: = Début encodage du fichier data/miserables.txt
04/01 21:30:27:240220: === Début de l'encodage du texte
04/01 21:30:27:240244: === Calcul des fréquences d'apparition des caractères du texte
04/01 21:30:27:255806: === Creation de l'arbre de Huffman (Module 2)
04/01 21:30:27:256454: === Création du dictionnaire d'encodage
04/01 21:30:27:256761: === Génération de l'image de l'arbre
04/01 21:30:27:256779: === Encodage du texte en flot binaire
04/01 21:30:27:946837: === Fin de l'encodage du texte
04/01 21:30:27:946913: == Ecriture du fichier binaire à partir du flux
04/01 21:30:27:948108: == Ecriture du fichier dictionnaire de correspondance
04/01 21:30:27:948184: == Fin encodage du fichier
04/01 21:30:27:948219: == Taille originale : 43886 octets
04/01 21:30:27:948236: == Taille du fichier binaire encodé : 23427 octets
04/01 21:30:27:948249: == Taille du fichier dictionnnaire : 1091 octets
04/01 21:30:27:948262: = Taux de compression = 55 %
04/01 21:30:27:948278: = Decodage du fichier data/miserables.txt.huffman-encoded
04/01 21:30:27:948289: == Restauration du dictionnaire de correspondance
04/01 21:30:27:948694: == Lecture du flux binaire
04/01 21:30:27:955480: == Décodage des bits en texte
04/01 21:30:27:955576: === Début du décodage du flux binaire de Huffman avec son dictionnaire (Module 3)
04/01 21:30:32:926089: == Ecriture du fichier original
04/01 21:30:32:926275: = Fin du décodage du fichier
04/01 21:38:59:168122: = Début encodage du fichier data/benchmark/size/50000-octets.txt
04/01 21:38:59:168247: === Début de l'encodage du texte
04/01 21:38:59:168311: === Calcul des fréquences d'apparition des caractères du texte
04/01 21:38:59:194181: === Creation de l'arbre de Huffman (Module 2)
04/01 21:38:59:203412: === Création du dictionnaire d'encodage
04/01 21:38:59:207941: === Génération de l'image de l'arbre
04/01 21:38:59:207988: === Encodage du texte en flot binaire
04/01 21:38:59:954608: === Fin de l'encodage du texte
04/01 21:38:59:954684: == Ecriture du fichier binaire à partir du flux
04/01 21:38:59:958463: == Ecriture du fichier dictionnaire de correspondance
04/01 21:38:59:958591: == Fin encodage du fichier
04/01 21:38:59:958632: == Taille originale : 49999 octets
04/01 21:38:59:958649: == Taille du fichier binaire encodé : 49855 octets
04/01 21:38:59:958663: == Taille du fichier dictionnnaire : 24930 octets
04/01 21:38:59:958676: = Taux de compression = 149 %
04/01 21:38:59:959035: = Decodage du fichier data/benchmark/size/50000-octets.txt.huffman-encoded
04/01 21:38:59:959129: == Restauration du dictionnaire de correspondance
04/01 21:38:59:979658: == Lecture du flux binaire
04/01 21:38:59:980804: == Décodage des bits en texte
04/01 21:38:59:980878: === Début du décodage du flux binaire de Huffman avec son dictionnaire (Module 3)
04/01 21:39:00:012367: == Ecriture du fichier original
04/01 21:39:00:012625: = Fin du décodage du fichier
04/01 21:39:41:925447: = Début encodage du fichier data/benchmark/size/10000-octets.txt
04/01 21:39:41:925559: === Début de l'encodage du texte
04/01 21:39:41:925594: === Calcul des fréquences d'apparition des caractères du texte
04/01 21:39:41:929525: === Creation de l'arbre de Huffman (Module 2)
04/01 21:39:41:933457: === Création du dictionnaire d'encodage
04/01 21:39:41:935226: === Génération de l'image de l'arbre
04/01 21:39:41:935242: === Encodage du texte en flot binaire
04/01 21:39:42:068988: === Fin de l'encodage du texte
04/01 21:39:42:069054: == Ecriture du fichier binaire à partir du flux
04/01 21:39:42:069954: == Ecriture du fichier dictionnaire de correspondance
04/01 21:39:42:070024: == Fin encodage du fichier
04/01 21:39:42:070058: == Taille originale : 9999 octets
04/01 21:39:42:070073: == Taille du fichier binaire encodé : 9872 octets
04/01 21:39:42:070088: == Taille du fichier dictionnnaire : 8222 octets
04/01 21:39:42:070101: = Taux de compression = 182 %
04/01 21:39:42:070422: = Decodage du fichier data/benchmark/size/10000-octets.txt.huffman-encoded
04/01 21:39:42:070505: == Restauration du dictionnaire de correspondance
04/01 21:39:42:073874: == Lecture du flux binaire
04/01 21:39:42:074168: == Décodage des bits en texte
04/01 21:39:42:074251: === Début du décodage du flux binaire de Huffman avec son dictionnaire (Module 3)
04/01 21:39:42:075380: == Ecriture du fichier original
04/01 21:39:42:075602: = Fin du décodage du fichier
04/01 21:40:33:240437: = Début encodage du fichier data/benchmark/symbols/255-symbols.txt
04/01 21:40:33:240587: === Début de l'encodage du texte
04/01 21:40:33:240656: === Calcul des fréquences d'apparition des caractères du texte
04/01 21:40:33:240903: === Creation de l'arbre de Huffman (Module 2)
04/01 21:40:33:364764: === Création du dictionnaire d'encodage
04/01 21:40:33:440829: === Génération de l'image de l'arbre
04/01 21:40:33:440920: === Encodage du texte en flot binaire
04/01 21:40:33:445495: === Fin de l'encodage du texte
04/01 21:40:33:445621: == Ecriture du fichier binaire à partir du flux
04/01 21:40:33:452416: == Ecriture du fichier dictionnaire de correspondance
04/01 21:40:33:452681: == Fin encodage du fichier
04/01 21:40:33:452958: == Taille originale : 254 octets
04/01 21:40:33:453023: == Taille du fichier binaire encodé : 255 octets
04/01 21:40:33:453080: == Taille du fichier dictionnnaire : 2549 octets
04/01 21:40:33:453151: = Taux de compression = 1402 %
04/01 21:44:36:859517: = Début encodage du fichier data/benchmark/symbols/255-symbols.txt
04/01 21:44:36:867376: === Début de l'encodage du texte
04/01 21:44:36:867536: === Calcul des fréquences d'apparition des caractères du texte
04/01 21:44:36:868044: === Creation de l'arbre de Huffman (Module 2)
04/01 21:44:36:996669: === Création du dictionnaire d'encodage
04/01 21:44:37:066193: === Génération de l'image de l'arbre
04/01 21:44:37:066287: === Encodage du texte en flot binaire
04/01 21:44:37:070705: === Fin de l'encodage du texte
04/01 21:44:37:070829: == Ecriture du fichier binaire à partir du flux
04/01 21:44:37:071234: == Ecriture du fichier dictionnaire de correspondance
04/01 21:44:37:071449: == Fin encodage du fichier
04/01 21:44:37:071660: == Taille originale : 254 octets
04/01 21:44:37:071716: == Taille du fichier binaire encodé : 255 octets
04/01 21:44:37:071773: == Taille du fichier dictionnnaire : 2549 octets
04/01 21:44:37:071829: = Taux de compression = 1402 %
04/01 21:47:10:694596: = Début encodage du fichier data/benchmark/symbols/255-symbols.txt
04/01 21:47:10:702545: === Début de l'encodage du texte
04/01 21:47:10:702704: === Calcul des fréquences d'apparition des caractères du texte
04/01 21:47:10:703203: === Creation de l'arbre de Huffman (Module 2)
04/01 21:47:10:846067: === Création du dictionnaire d'encodage
04/01 21:47:10:924940: === Génération de l'image de l'arbre
04/01 21:47:10:925056: === Encodage du texte en flot binaire
04/01 21:47:10:930200: === Fin de l'encodage du texte
04/01 21:47:10:930344: == Ecriture du fichier binaire à partir du flux
04/01 21:47:10:930904: == Ecriture du fichier dictionnaire de correspondance
04/01 21:47:10:931153: == Fin encodage du fichier
04/01 21:47:10:931373: == Taille originale : 254 octets
04/01 21:47:10:931435: == Taille du fichier binaire encodé : 255 octets
04/01 21:47:10:931495: == Taille du fichier dictionnnaire : 2549 octets
04/01 21:47:10:931579: = Taux de compression = 1402 %
04/01 21:48:27:802434: = Début encodage du fichier data/benchmark/symbols/255-symbols.txt
04/01 21:48:27:803020: === Début de l'encodage du texte
04/01 21:48:27:803108: === Calcul des fréquences d'apparition des caractères du texte
04/01 21:48:27:803389: === Creation de l'arbre de Huffman (Module 2)
04/01 21:48:27:939703: === Création du dictionnaire d'encodage
04/01 21:48:28:013193: === Génération de l'image de l'arbre
04/01 21:48:28:013287: === Encodage du texte en flot binaire
04/01 21:48:28:018164: === Fin de l'encodage du texte
04/01 21:48:28:018293: == Ecriture du fichier binaire à partir du flux
04/01 21:48:28:018786: == Ecriture du fichier dictionnaire de correspondance
04/01 21:48:28:019004: == Fin encodage du fichier
04/01 21:48:28:019244: == Taille originale : 254 octets
04/01 21:48:28:019306: == Taille du fichier binaire encodé : 255 octets
04/01 21:48:28:019364: == Taille du fichier dictionnnaire : 2549 octets
04/01 21:48:28:019421: = Taux de compression = 1402 %
04/01 21:49:14:173857: = Début encodage du fichier data/benchmark/size/10000-octets.txt
04/01 21:49:14:174867: === Début de l'encodage du texte
04/01 21:49:14:174941: === Calcul des fréquences d'apparition des caractères du texte
04/01 21:49:14:180179: === Creation de l'arbre de Huffman (Module 2)
04/01 21:49:14:183850: === Création du dictionnaire d'encodage
04/01 21:49:14:185565: === Génération de l'image de l'arbre
04/01 21:49:14:185588: === Encodage du texte en flot binaire
04/01 21:49:14:321487: === Fin de l'encodage du texte
04/01 21:49:14:321554: == Ecriture du fichier binaire à partir du flux
04/01 21:49:14:323609: == Ecriture du fichier dictionnaire de correspondance
04/01 21:49:14:324108: == Fin encodage du fichier
04/01 21:49:14:324178: == Taille originale : 9966 octets
04/01 21:49:14:324201: == Taille du fichier binaire encodé : 9850 octets
04/01 21:49:14:324217: == Taille du fichier dictionnnaire : 7515 octets
04/01 21:49:14:324232: = Taux de compression = 175 %
04/01 21:49:14:325000: = Decodage du fichier data/benchmark/size/10000-octets.txt.huffman-encoded
04/01 21:49:14:325102: == Restauration du dictionnaire de correspondance
04/01 21:49:14:335506: == Lecture du flux binaire
04/01 21:49:14:335949: == Décodage des bits en texte
04/01 21:49:14:336037: === Début du décodage du flux binaire de Huffman avec son dictionnaire (Module 3)
04/01 21:49:23:189810: == Ecriture du fichier original
04/01 21:49:23:190273: = Fin du décodage du fichier
04/01 21:49:37:216331: = Début encodage du fichier data/benchmark/size/25000-octets.txt
04/01 21:49:37:224091: === Début de l'encodage du texte
04/01 21:49:37:224214: === Calcul des fréquences d'apparition des caractères du texte
04/01 21:49:37:237007: === Creation de l'arbre de Huffman (Module 2)
04/01 21:49:37:243208: === Création du dictionnaire d'encodage
04/01 21:49:37:245875: === Génération de l'image de l'arbre
04/01 21:49:37:245901: === Encodage du texte en flot binaire
04/01 21:49:37:628575: === Fin de l'encodage du texte
04/01 21:49:37:628644: == Ecriture du fichier binaire à partir du flux
04/01 21:49:37:630475: == Ecriture du fichier dictionnaire de correspondance
04/01 21:49:37:630659: == Fin encodage du fichier
04/01 21:49:37:630704: == Taille originale : 24901 octets
04/01 21:49:37:630733: == Taille du fichier binaire encodé : 24750 octets
04/01 21:49:37:630749: == Taille du fichier dictionnnaire : 14889 octets
04/01 21:49:37:630763: = Taux de compression = 159 %
04/01 21:49:37:631104: = Decodage du fichier data/benchmark/size/25000-octets.txt.huffman-encoded
04/01 21:49:37:631200: == Restauration du dictionnaire de correspondance
04/01 21:49:37:643996: == Lecture du flux binaire
04/01 21:49:37:644763: == Décodage des bits en texte
04/01 21:49:37:655678: === Début du décodage du flux binaire de Huffman avec son dictionnaire (Module 3)
04/01 21:50:36:589914: == Ecriture du fichier original
04/01 21:50:36:590201: = Fin du décodage du fichier
04/01 21:54:22:942200: = Début encodage du fichier data/benchmark/size/50000-octets.txt
04/01 21:54:22:950773: === Début de l'encodage du texte
04/01 21:54:22:950866: === Calcul des fréquences d'apparition des caractères du texte
04/01 21:54:22:979176: === Creation de l'arbre de Huffman (Module 2)
04/01 21:54:22:992102: === Création du dictionnaire d'encodage
04/01 21:54:22:998255: === Génération de l'image de l'arbre
04/01 21:54:22:998348: === Encodage du texte en flot binaire
04/01 21:54:23:802900: === Fin de l'encodage du texte
04/01 21:54:23:802969: == Ecriture du fichier binaire à partir du flux
04/01 21:54:23:806066: == Ecriture du fichier dictionnaire de correspondance
04/01 21:54:23:806279: == Fin encodage du fichier
04/01 21:54:23:806329: == Taille originale : 49820 octets
04/01 21:54:23:806351: == Taille du fichier binaire encodé : 49648 octets
04/01 21:54:23:806368: == Taille du fichier dictionnnaire : 25437 octets
04/01 21:54:23:806384: = Taux de compression = 150 %
04/01 21:54:23:806735: = Decodage du fichier data/benchmark/size/50000-octets.txt.huffman-encoded
04/01 21:54:23:806837: == Restauration du dictionnaire de correspondance
04/01 21:54:23:841244: == Lecture du flux binaire
04/01 21:54:23:843300: == Décodage des bits en texte
04/01 21:54:23:843477: === Début du décodage du flux binaire de Huffman avec son dictionnaire (Module 3)
04/01 21:58:13:673864: == Ecriture du fichier original
04/01 21:58:13:682004: = Fin du décodage du fichier
04/01 22:00:24:362994: = Début encodage du fichier data/benchmark/size/80000-octets.txt
04/01 22:00:24:364022: === Début de l'encodage du texte
04/01 22:00:24:364117: === Calcul des fréquences d'apparition des caractères du texte
04/01 22:00:24:396520: === Creation de l'arbre de Huffman (Module 2)
04/01 22:00:24:410468: === Création du dictionnaire d'encodage
04/01 22:00:24:418253: === Génération de l'image de l'arbre
04/01 22:00:24:418328: === Encodage du texte en flot binaire
04/01 22:00:25:682559: === Fin de l'encodage du texte
04/01 22:00:25:682641: == Ecriture du fichier binaire à partir du flux
04/01 22:00:25:687493: == Ecriture du fichier dictionnaire de correspondance
04/01 22:00:25:687708: == Fin encodage du fichier
04/01 22:00:25:687765: == Taille originale : 79659 octets
04/01 22:00:25:687782: == Taille du fichier binaire encodé : 79481 octets
04/01 22:00:25:687794: == Taille du fichier dictionnnaire : 34444 octets
04/01 22:00:25:687806: = Taux de compression = 143 %
04/01 22:00:25:688156: = Decodage du fichier data/benchmark/size/80000-octets.txt.huffman-encoded
04/01 22:00:25:688241: == Restauration du dictionnaire de correspondance
04/01 22:00:25:723818: == Lecture du flux binaire
04/01 22:00:25:753054: == Décodage des bits en texte
04/01 22:00:25:753191: === Début du décodage du flux binaire de Huffman avec son dictionnaire (Module 3)
04/01 22:10:17:220959: == Ecriture du fichier original
04/01 22:10:17:230392: = Fin du décodage du fichier
04/01 22:24:23:273915: = Début encodage du fichier data/benchmark/size/10000-octets.txt
04/01 22:24:23:274930: === Début de l'encodage du texte
04/01 22:24:23:275015: === Calcul des fréquences d'apparition des caractères du texte
04/01 22:24:23:280271: === Creation de l'arbre de Huffman (Module 2)
04/01 22:24:23:284073: === Création du dictionnaire d'encodage
04/01 22:24:23:285733: === Génération de l'image de l'arbre
04/01 22:24:23:285752: === Encodage du texte en flot binaire
04/01 22:24:23:432043: === Fin de l'encodage du texte
04/01 22:24:23:432105: == Ecriture du fichier binaire à partir du flux
04/01 22:24:23:433565: == Ecriture du fichier dictionnaire de correspondance
04/01 22:24:23:433706: == Fin encodage du fichier
04/01 22:24:23:433755: == Taille originale : 9966 octets
04/01 22:24:23:433777: == Taille du fichier binaire encodé : 9850 octets
04/01 22:24:23:433794: == Taille du fichier dictionnnaire : 7515 octets
04/01 22:24:23:433816: = Taux de compression = 175 %
04/01 22:24:45:936405: = Début encodage du fichier data/benchmark/size/10000-octets.txt
04/01 22:24:45:936512: === Début de l'encodage du texte
04/01 22:24:45:936537: === Calcul des fréquences d'apparition des caractères du texte
04/01 22:24:45:940502: === Creation de l'arbre de Huffman (Module 2)
04/01 22:24:45:944153: === Création du dictionnaire d'encodage
04/01 22:24:45:945794: === Génération de l'image de l'arbre
04/01 22:24:45:945812: === Encodage du texte en flot binaire
04/01 22:24:46:089437: === Fin de l'encodage du texte
04/01 22:24:46:089501: == Ecriture du fichier binaire à partir du flux
04/01 22:24:46:090364: == Ecriture du fichier dictionnaire de correspondance
04/01 22:24:46:090433: == Fin encodage du fichier
04/01 22:24:46:090466: == Taille originale : 9966 octets
04/01 22:24:46:090482: == Taille du fichier binaire encodé : 9850 octets
04/01 22:24:46:090494: == Taille du fichier dictionnnaire : 7515 octets
04/01 22:24:46:090509: = Taux de compression = 175 %
04/01 22:25:04:354867: = Début encodage du fichier data/benchmark/size/10000-octets.txt
04/01 22:25:04:354978: === Début de l'encodage du texte
04/01 22:25:04:355013: === Calcul des fréquences d'apparition des caractères du texte
04/01 22:25:04:358934: === Creation de l'arbre de Huffman (Module 2)
04/01 22:25:04:362652: === Création du dictionnaire d'encodage
04/01 22:25:04:364295: === Génération de l'image de l'arbre
04/01 22:25:04:364312: === Encodage du texte en flot binaire
04/01 22:25:04:498885: === Fin de l'encodage du texte
04/01 22:25:04:498978: == Ecriture du fichier binaire à partir du flux
04/01 22:25:04:499877: == Ecriture du fichier dictionnaire de correspondance
04/01 22:25:04:499949: == Fin encodage du fichier
04/01 22:25:04:499983: == Taille originale : 9966 octets
04/01 22:25:04:499998: == Taille du fichier binaire encodé : 9850 octets
04/01 22:25:04:500010: == Taille du fichier dictionnnaire : 7515 octets
04/01 22:25:04:500022: = Taux de compression = 175 %
04/01 22:25:04:500412: = Decodage du fichier data/benchmark/size/10000-octets.txt.huffman-encoded
04/01 22:25:04:500491: == Restauration du dictionnaire de correspondance
04/01 22:25:04:503564: == Lecture du flux binaire
04/01 22:25:04:511956: == Décodage des bits en texte
04/01 22:25:04:512236: === Début du décodage du flux binaire de Huffman avec son dictionnaire (Module 3)
04/01 22:25:13:671165: == Ecriture du fichier original
04/01 22:25:13:671365: = Fin du décodage du fichier
04/01 22:35:36:715595: = Début encodage du fichier data/benchmark/size/10000-octets.txt
04/01 22:35:36:716398: === Début de l'encodage du texte
04/01 22:35:36:716466: === Calcul des fréquences d'apparition des caractères du texte
04/01 22:35:36:721594: === Creation de l'arbre de Huffman (Module 2)
04/01 22:35:36:725277: === Création du dictionnaire d'encodage
04/01 22:35:36:727037: === Génération de l'image de l'arbre
04/01 22:35:36:727062: === Encodage du texte en flot binaire
04/01 22:35:36:869201: === Fin de l'encodage du texte
04/01 22:35:36:869470: == Ecriture du fichier binaire à partir du flux
04/01 22:35:36:871199: == Ecriture du fichier dictionnaire de correspondance
04/01 22:35:36:871325: == Fin encodage du fichier
04/01 22:35:36:871380: == Taille originale : 9966 octets
04/01 22:35:36:871403: == Taille du fichier binaire encodé : 9850 octets
04/01 22:35:36:871421: == Taille du fichier dictionnnaire : 7515 octets
04/01 22:35:36:871436: = Taux de compression = 175 %
04/01 22:35:53:469142: = Début encodage du fichier data/benchmark/size/10000-octets.txt
04/01 22:35:53:469968: === Début de l'encodage du texte
04/01 22:35:53:470034: === Calcul des fréquences d'apparition des caractères du texte
04/01 22:35:53:476073: === Creation de l'arbre de Huffman (Module 2)
04/01 22:35:53:479865: === Création du dictionnaire d'encodage
04/01 22:35:53:482303: === Génération de l'image de l'arbre
04/01 22:35:53:482353: === Encodage du texte en flot binaire
04/01 22:35:53:633374: === Fin de l'encodage du texte
04/01 22:35:53:633453: == Ecriture du fichier binaire à partir du flux
04/01 22:35:53:634746: == Ecriture du fichier dictionnaire de correspondance
04/01 22:35:53:634874: == Fin encodage du fichier
04/01 22:35:53:634917: == Taille originale : 9966 octets
04/01 22:35:53:634946: == Taille du fichier binaire encodé : 9850 octets
04/01 22:35:53:634960: == Taille du fichier dictionnnaire : 7515 octets
04/01 22:35:53:634973: = Taux de compression = 175 %
04/01 22:35:53:635319: = Decodage du fichier data/benchmark/size/10000-octets.txt.huffman-encoded
04/01 22:35:53:635409: == Restauration du dictionnaire de correspondance
04/01 22:35:53:638471: == Lecture du flux binaire
04/01 22:35:53:646391: == Décodage des bits en texte
04/01 22:35:53:646529: === Début du décodage du flux binaire de Huffman avec son dictionnaire (Module 3)
04/01 22:36:02:661219: == Ecriture du fichier original
04/01 22:36:02:669587: = Fin du décodage du fichier
04/01 22:38:00:744526: = Début encodage du fichier data/benchmark/size/10000-octets.txt
04/01 22:38:00:745047: === Début de l'encodage du texte
04/01 22:38:00:745088: === Calcul des fréquences d'apparition des caractères du texte
04/01 22:38:00:749473: === Creation de l'arbre de Huffman (Module 2)
04/01 22:38:00:753214: === Création du dictionnaire d'encodage
04/01 22:38:00:754977: === Génération de l'image de l'arbre
04/01 22:38:00:755004: === Encodage du texte en flot binaire
04/01 22:38:00:898283: === Fin de l'encodage du texte
04/01 22:38:00:898370: == Ecriture du fichier binaire à partir du flux
04/01 22:38:00:899393: == Ecriture du fichier dictionnaire de correspondance
04/01 22:38:00:899481: == Fin encodage du fichier
04/01 22:38:00:899521: == Taille originale : 9966 octets
04/01 22:38:00:899540: == Taille du fichier binaire encodé : 9850 octets
04/01 22:38:00:899555: == Taille du fichier dictionnnaire : 7515 octets
04/01 22:38:00:899568: = Taux de compression = 175 %
04/01 22:38:00:899945: = Decodage du fichier data/benchmark/size/10000-octets.txt.huffman-encoded
04/01 22:38:00:900060: == Restauration du dictionnaire de correspondance
04/01 22:38:00:903301: == Lecture du flux binaire
04/01 22:38:00:903614: == Décodage des bits en texte
04/01 22:38:00:903689: === Début du décodage du flux binaire de Huffman avec son dictionnaire (Module 3)
04/01 22:38:09:870967: == Ecriture du fichier original
04/01 22:38:09:871159: = Fin du décodage du fichier
04/01 22:38:17:230679: = Début encodage du fichier data/benchmark/size/10000-octets.txt
04/01 22:38:17:230784: === Début de l'encodage du texte
04/01 22:38:17:230809: === Calcul des fréquences d'apparition des caractères du texte
04/01 22:38:17:234801: === Creation de l'arbre de Huffman (Module 2)
04/01 22:38:17:238585: === Création du dictionnaire d'encodage
04/01 22:38:17:240603: === Génération de l'image de l'arbre
04/01 22:38:17:240651: === Encodage du texte en flot binaire
04/01 22:38:17:383313: === Fin de l'encodage du texte
04/01 22:38:17:383382: == Ecriture du fichier binaire à partir du flux
04/01 22:38:17:384294: == Ecriture du fichier dictionnaire de correspondance
04/01 22:38:17:384383: == Fin encodage du fichier
04/01 22:38:17:384422: == Taille originale : 9966 octets
04/01 22:38:17:384438: == Taille du fichier binaire encodé : 9850 octets
04/01 22:38:17:384452: == Taille du fichier dictionnnaire : 7515 octets
04/01 22:38:17:384464: = Taux de compression = 175 %
04/01 22:38:17:384841: = Decodage du fichier data/benchmark/size/10000-octets.txt.huffman-encoded
04/01 22:38:17:384935: == Restauration du dictionnaire de correspondance
04/01 22:38:17:388302: == Lecture du flux binaire
04/01 22:38:17:388681: == Décodage des bits en texte
04/01 22:38:17:388771: === Début du décodage du flux binaire de Huffman avec son dictionnaire (Module 3)
04/01 22:38:26:450398: == Ecriture du fichier original
04/01 22:38:26:450607: = Fin du décodage du fichier
04/01 22:40:36:829864: = Début encodage du fichier data/benchmark/symbols/255-symbols.txt
04/01 22:40:36:830152: === Début de l'encodage du texte
04/01 22:40:36:830288: === Calcul des fréquences d'apparition des caractères du texte
04/01 22:40:36:830807: === Creation de l'arbre de Huffman (Module 2)
04/01 22:40:36:967237: === Création du dictionnaire d'encodage
04/01 22:40:37:041840: === Génération de l'image de l'arbre
04/01 22:40:37:041955: === Encodage du texte en flot binaire
04/01 22:40:37:046501: === Fin de l'encodage du texte
04/01 22:40:37:046650: == Ecriture du fichier binaire à partir du flux
04/01 22:40:37:047100: == Ecriture du fichier dictionnaire de correspondance
04/01 22:40:37:047271: == Fin encodage du fichier
04/01 22:40:37:047404: == Taille originale : 254 octets
04/01 22:40:37:047467: == Taille du fichier binaire encodé : 255 octets
04/01 22:40:37:047526: == Taille du fichier dictionnnaire : 2549 octets
04/01 22:40:37:047586: = Taux de compression = 1402 %
04/01 22:41:15:021729: = Début encodage du fichier data/benchmark/symbols/255-symbols.txt
04/01 22:41:15:021988: === Début de l'encodage du texte
04/01 22:41:15:022088: === Calcul des fréquences d'apparition des caractères du texte
04/01 22:41:15:022552: === Creation de l'arbre de Huffman (Module 2)
04/01 22:41:15:172227: === Création du dictionnaire d'encodage
04/01 22:41:15:252545: === Génération de l'image de l'arbre
04/01 22:41:55:398723: = Début encodage du fichier data/benchmark/symbols/255-symbols.txt
04/01 22:41:55:406634: === Début de l'encodage du texte
04/01 22:41:55:406798: === Calcul des fréquences d'apparition des caractères du texte
04/01 22:41:55:407486: === Creation de l'arbre de Huffman (Module 2)
04/01 22:41:55:542191: === Création du dictionnaire d'encodage
04/01 22:41:55:618659: === Génération de l'image de l'arbre
04/01 22:42:57:810242: = Début encodage du fichier data/benchmark/symbols/255-symbols.txt
04/01 22:42:57:810762: === Début de l'encodage du texte
04/01 22:42:57:810869: === Calcul des fréquences d'apparition des caractères du texte
04/01 22:42:57:811216: === Creation de l'arbre de Huffman (Module 2)
04/01 22:42:57:947175: === Création du dictionnaire d'encodage
04/01 22:42:58:021565: === Génération de l'image de l'arbre
04/01 22:43:29:868637: = Début encodage du fichier data/benchmark/symbols/255-symbols.txt
04/01 22:43:29:868782: === Début de l'encodage du texte
04/01 22:43:29:868850: === Calcul des fréquences d'apparition des caractères du texte
04/01 22:43:29:869113: === Creation de l'arbre de Huffman (Module 2)
04/01 22:43:29:995070: === Création du dictionnaire d'encodage
04/01 22:43:30:068123: === Génération de l'image de l'arbre
04/01 22:43:40:878169: = Début encodage du fichier data/benchmark/symbols/255-symbols.txt
04/01 22:43:40:878316: === Début de l'encodage du texte
04/01 22:43:40:878385: === Calcul des fréquences d'apparition des caractères du texte
04/01 22:43:40:878649: === Creation de l'arbre de Huffman (Module 2)
04/01 22:43:41:001085: === Création du dictionnaire d'encodage
04/01 22:43:41:071620: === Génération de l'image de l'arbre
04/01 22:47:55:297845: = Début encodage du fichier data/benchmark/symbols/255-symbols.txt
04/01 22:47:55:298498: === Début de l'encodage du texte
04/01 22:47:55:298593: === Calcul des fréquences d'apparition des caractères du texte
04/01 22:47:55:298895: === Creation de l'arbre de Huffman (Module 2)
04/01 22:47:55:427921: === Création du dictionnaire d'encodage
04/01 22:47:55:500348: === Génération de l'image de l'arbre
04/01 22:47:55:500461: === Encodage du texte en flot binaire
04/01 22:47:55:505145: === Fin de l'encodage du texte
04/01 22:47:55:505292: == Ecriture du fichier binaire à partir du flux
04/01 22:47:55:506314: == Ecriture du fichier dictionnaire de correspondance
04/01 22:47:55:506546: == Fin encodage du fichier
04/01 22:47:55:506704: == Taille originale : 254 octets
04/01 22:47:55:506803: == Taille du fichier binaire encodé : 255 octets
04/01 22:47:55:506894: == Taille du fichier dictionnnaire : 2549 octets
04/01 22:47:55:506983: = Taux de compression = 1402 %
04/01 22:48:04:896895: = Début encodage du fichier data/benchmark/symbols/255-symbols.txt
04/01 22:48:04:897043: === Début de l'encodage du texte
04/01 22:48:04:897112: === Calcul des fréquences d'apparition des caractères du texte
04/01 22:48:04:897376: === Creation de l'arbre de Huffman (Module 2)
04/01 22:48:05:023282: === Création du dictionnaire d'encodage
04/01 22:48:05:095472: === Génération de l'image de l'arbre
04/01 22:48:17:834835: = Début encodage du fichier data/benchmark/symbols/125-symbols.txt
04/01 22:48:17:834983: === Début de l'encodage du texte
04/01 22:48:17:835053: === Calcul des fréquences d'apparition des caractères du texte
04/01 22:48:17:835226: === Creation de l'arbre de Huffman (Module 2)
04/01 22:48:17:887691: === Création du dictionnaire d'encodage
04/01 22:48:17:950748: === Génération de l'image de l'arbre
04/01 22:48:18:221562: === Encodage du texte en flot binaire
04/01 22:48:18:226193: === Fin de l'encodage du texte
04/01 22:48:18:226353: == Ecriture du fichier binaire à partir du flux
04/01 22:48:18:226771: == Ecriture du fichier dictionnaire de correspondance
04/01 22:48:18:227008: == Fin encodage du fichier
04/01 22:48:18:227131: == Taille originale : 124 octets
04/01 22:48:18:227209: == Taille du fichier binaire encodé : 109 octets
04/01 22:48:18:227280: == Taille du fichier dictionnnaire : 1122 octets
04/01 22:48:18:227348: = Taux de compression = 1231 %
04/01 22:49:33:006533: = Début encodage du fichier data/miserables.txt
04/01 22:49:33:007416: === Début de l'encodage du texte
04/01 22:49:33:007538: === Calcul des fréquences d'apparition des caractères du texte
04/01 22:49:33:029715: === Creation de l'arbre de Huffman (Module 2)
04/01 22:49:33:070936: === Création du dictionnaire d'encodage
04/01 22:49:33:097470: === Génération de l'image de l'arbre
04/01 22:49:34:163812: === Encodage du texte en flot binaire
04/01 22:49:34:869637: === Fin de l'encodage du texte
04/01 22:49:34:869802: == Ecriture du fichier binaire à partir du flux
04/01 22:49:34:871007: == Ecriture du fichier dictionnaire de correspondance
04/01 22:49:34:871181: == Fin encodage du fichier
04/01 22:49:34:871269: == Taille originale : 43886 octets
04/01 22:49:34:871333: == Taille du fichier binaire encodé : 23427 octets
04/01 22:49:34:871389: == Taille du fichier dictionnnaire : 1091 octets
04/01 22:49:34:871447: = Taux de compression = 55 %
04/01 22:51:19:888470: = Début encodage du fichier data/miserables.txt
04/01 22:51:19:889224: === Début de l'encodage du texte
04/01 22:51:19:889329: === Calcul des fréquences d'apparition des caractères du texte
04/01 22:51:19:905689: === Creation de l'arbre de Huffman (Module 2)
04/01 22:51:19:944851: === Création du dictionnaire d'encodage
04/01 22:51:19:977520: === Génération de l'image de l'arbre
04/01 22:51:21:001531: === Encodage du texte en flot binaire
04/01 22:51:21:659136: === Fin de l'encodage du texte
04/01 22:51:21:659290: == Ecriture du fichier binaire à partir du flux
04/01 22:51:21:661044: == Ecriture du fichier dictionnaire de correspondance
04/01 22:51:21:661168: == Fin encodage du fichier
04/01 22:51:21:661243: == Taille originale : 43886 octets
04/01 22:51:21:661309: == Taille du fichier binaire encodé : 23427 octets
04/01 22:51:21:661392: == Taille du fichier dictionnnaire : 1091 octets
04/01 22:51:21:661446: = Taux de compression = 55 %
04/01 22:55:30:028130: = Début encodage du fichier data/benchmark/size/140000-octets.txt
04/01 22:55:30:028397: === Début de l'encodage du texte
04/01 22:55:30:028500: === Calcul des fréquences d'apparition des caractères du texte
04/01 22:55:30:088224: === Creation de l'arbre de Huffman (Module 2)
04/01 22:55:30:107049: === Création du dictionnaire d'encodage
04/01 22:55:30:115204: === Génération de l'image de l'arbre
04/01 22:55:30:115251: === Encodage du texte en flot binaire
04/01 22:55:32:237804: === Fin de l'encodage du texte
04/01 22:55:32:237906: == Ecriture du fichier binaire à partir du flux
04/01 22:55:32:245416: == Ecriture du fichier dictionnaire de correspondance
04/01 22:55:32:245625: == Fin encodage du fichier
04/01 22:55:32:245670: == Taille originale : 139443 octets
04/01 22:55:32:245688: == Taille du fichier binaire encodé : 139384 octets
04/01 22:55:32:245701: == Taille du fichier dictionnnaire : 47478 octets
04/01 22:55:32:245713: = Taux de compression = 134 %
04/01 22:55:32:246067: = Decodage du fichier data/benchmark/size/140000-octets.txt.huffman-encoded
04/01 22:55:32:246154: == Restauration du dictionnaire de correspondance
04/01 22:55:32:285154: == Lecture du flux binaire
04/01 22:55:32:287955: == Décodage des bits en texte
04/01 22:55:32:288049: === Début du décodage du flux binaire de Huffman avec son dictionnaire (Module 3)
04/01 22:57:42:079901: = Début encodage du fichier data/benchmark/size/140000-octets.txt
04/01 22:57:42:080164: === Début de l'encodage du texte
04/01 22:57:42:080291: === Calcul des fréquences d'apparition des caractères du texte
04/01 22:57:42:144767: === Creation de l'arbre de Huffman (Module 2)
04/01 22:57:42:162582: === Création du dictionnaire d'encodage
04/01 22:57:42:171102: === Génération de l'image de l'arbre
04/01 22:57:42:171149: === Encodage du texte en flot binaire
04/01 22:57:44:462400: === Fin de l'encodage du texte
04/01 22:57:44:462474: == Ecriture du fichier binaire à partir du flux
04/01 22:57:44:469615: == Ecriture du fichier dictionnaire de correspondance
04/01 22:57:44:469777: == Fin encodage du fichier
04/01 22:57:44:469822: == Taille originale : 139443 octets
04/01 22:57:44:469841: == Taille du fichier binaire encodé : 139384 octets
04/01 22:57:44:469855: == Taille du fichier dictionnnaire : 47478 octets
04/01 22:57:44:469869: = Taux de compression = 134 %
04/01 22:57:44:470224: = Decodage du fichier data/benchmark/size/140000-octets.txt.huffman-encoded
04/01 22:57:44:470309: == Restauration du dictionnaire de correspondance
04/01 22:57:44:512023: == Lecture du flux binaire
04/01 22:57:44:514786: == Décodage des bits en texte
04/01 22:57:44:514881: === Début du décodage du flux binaire de Huffman avec son dictionnaire (Module 3)
04/01 22:57:53:455530: = Début encodage du fichier data/benchmark/size/10000-octets.txt
04/01 22:57:53:455654: === Début de l'encodage du texte
04/01 22:57:53:455677: === Calcul des fréquences d'apparition des caractères du texte
04/01 22:57:53:459681: === Creation de l'arbre de Huffman (Module 2)
04/01 22:57:53:464618: === Création du dictionnaire d'encodage
04/01 22:57:53:466689: === Génération de l'image de l'arbre
04/01 22:57:53:466712: === Encodage du texte en flot binaire
04/01 22:57:53:605472: === Fin de l'encodage du texte
04/01 22:57:53:605538: == Ecriture du fichier binaire à partir du flux
04/01 22:57:53:606454: == Ecriture du fichier dictionnaire de correspondance
04/01 22:57:53:606525: == Fin encodage du fichier
04/01 22:57:53:606560: == Taille originale : 9969 octets
04/01 22:57:53:606577: == Taille du fichier binaire encodé : 9851 octets
04/01 22:57:53:606590: == Taille du fichier dictionnnaire : 7656 octets
04/01 22:57:53:606603: = Taux de compression = 176 %
04/01 22:57:53:606946: = Decodage du fichier data/benchmark/size/10000-octets.txt.huffman-encoded
04/01 22:57:53:607037: == Restauration du dictionnaire de correspondance
04/01 22:57:53:610147: == Lecture du flux binaire
04/01 22:57:53:610429: == Décodage des bits en texte
04/01 22:57:53:610499: === Début du décodage du flux binaire de Huffman avec son dictionnaire (Module 3)
04/01 22:58:03:119783: == Ecriture du fichier original
04/01 22:58:03:119982: = Fin du décodage du fichier
04/01 22:58:41:718521: = Début encodage du fichier data/benchmark/size/10000-octets.txt
04/01 22:58:41:718635: === Début de l'encodage du texte
04/01 22:58:41:718674: === Calcul des fréquences d'apparition des caractères du texte
04/01 22:58:41:722772: === Creation de l'arbre de Huffman (Module 2)
04/01 22:58:41:726456: === Création du dictionnaire d'encodage
04/01 22:58:41:728137: === Génération de l'image de l'arbre
04/01 22:58:51:515957: = Début encodage du fichier data/benchmark/size/10000-octets.txt
04/01 22:58:51:516097: === Début de l'encodage du texte
04/01 22:58:51:516120: === Calcul des fréquences d'apparition des caractères du texte
04/01 22:58:51:520183: === Creation de l'arbre de Huffman (Module 2)
04/01 22:58:51:524188: === Création du dictionnaire d'encodage
04/01 22:58:51:525935: === Génération de l'image de l'arbre
04/01 23:00:02:724983: = Début encodage du fichier data/benchmark/symbols/255-symbols.txt
04/01 23:00:02:725129: === Début de l'encodage du texte
04/01 23:00:02:725197: === Calcul des fréquences d'apparition des caractères du texte
04/01 23:00:02:725458: === Creation de l'arbre de Huffman (Module 2)
04/01 23:00:02:846648: === Création du dictionnaire d'encodage
04/01 23:00:02:917602: === Génération de l'image de l'arbre
04/01 23:01:14:698563: = Début encodage du fichier data/benchmark/symbols/255-symbols.txt
04/01 23:01:14:698742: === Début de l'encodage du texte
04/01 23:01:14:698818: === Calcul des fréquences d'apparition des caractères du texte
04/01 23:01:14:699120: === Creation de l'arbre de Huffman (Module 2)
04/01 23:01:14:824935: === Création du dictionnaire d'encodage
04/01 23:01:14:893432: === Génération de l'image de l'arbre
04/01 23:11:32:654075: = Début encodage du fichier data/benchmark/size/10000-octets.txt
04/01 23:11:32:654180: === Début de l'encodage du texte
04/01 23:11:32:654206: === Calcul des fréquences d'apparition des caractères du texte
04/01 23:11:32:657940: === Creation de l'arbre de Huffman (Module 2)
04/01 23:11:32:658673: === Création du dictionnaire d'encodage
04/01 23:11:32:658991: === Génération de l'image de l'arbre
04/01 23:11:32:699223: === Encodage du texte en flot binaire
04/01 23:11:32:877931: === Fin de l'encodage du texte
04/01 23:11:32:877996: == Ecriture du fichier binaire à partir du flux
04/01 23:11:32:878509: == Ecriture du fichier dictionnaire de correspondance
04/01 23:11:32:878575: == Fin encodage du fichier
04/01 23:11:32:878608: == Taille originale : 10001 octets
04/01 23:11:32:878624: == Taille du fichier binaire encodé : 8278 octets
04/01 23:11:32:878636: == Taille du fichier dictionnnaire : 833 octets
04/01 23:11:32:878648: = Taux de compression = 91 %
04/01 23:11:32:878976: = Decodage du fichier data/benchmark/size/10000-octets.txt.huffman-encoded
04/01 23:11:32:879057: == Restauration du dictionnaire de correspondance
04/01 23:11:32:879428: == Lecture du flux binaire
04/01 23:11:32:879646: == Décodage des bits en texte
04/01 23:11:32:879711: === Début du décodage du flux binaire de Huffman avec son dictionnaire (Module 3)
04/01 23:11:34:070249: == Ecriture du fichier original
04/01 23:11:34:070441: = Fin du décodage du fichier
04/01 23:11:55:116245: = Début encodage du fichier data/benchmark/size/140000-octets.txt
04/01 23:11:55:116483: === Début de l'encodage du texte
04/01 23:11:55:116589: === Calcul des fréquences d'apparition des caractères du texte
04/01 23:11:55:176155: === Creation de l'arbre de Huffman (Module 2)
04/01 23:11:55:176961: === Création du dictionnaire d'encodage
04/01 23:11:55:177344: === Génération de l'image de l'arbre
04/01 23:11:55:211244: === Encodage du texte en flot binaire
04/01 23:11:57:478063: === Fin de l'encodage du texte
04/01 23:11:57:478182: == Ecriture du fichier binaire à partir du flux
04/01 23:11:57:524354: == Ecriture du fichier dictionnaire de correspondance
04/01 23:11:57:524550: == Fin encodage du fichier
04/01 23:11:57:524611: == Taille originale : 140001 octets
04/01 23:11:57:524638: == Taille du fichier binaire encodé : 116428 octets
04/01 23:11:57:524658: == Taille du fichier dictionnnaire : 833 octets
04/01 23:11:57:524676: = Taux de compression = 83 %
04/01 23:11:57:525118: = Decodage du fichier data/benchmark/size/140000-octets.txt.huffman-encoded
04/01 23:11:57:525228: == Restauration du dictionnaire de correspondance
04/01 23:11:57:531876: == Lecture du flux binaire
04/01 23:11:57:536923: == Décodage des bits en texte
04/01 23:11:57:537106: === Début du décodage du flux binaire de Huffman avec son dictionnaire (Module 3)
04/01 23:12:34:799553: == Ecriture du fichier original
04/01 23:12:34:807814: = Fin du décodage du fichier
04/01 23:23:23:640917: = Début encodage du fichier data/benchmark/size/10000-octets.txt
04/01 23:23:23:641388: === Début de l'encodage du texte
04/01 23:23:23:641418: === Calcul des fréquences d'apparition des caractères du texte
04/01 23:23:23:645068: === Creation de l'arbre de Huffman (Module 2)
04/01 23:23:23:645759: === Création du dictionnaire d'encodage
04/01 23:23:23:646079: === Génération de l'image de l'arbre
04/01 23:23:23:711074: === Encodage du texte en flot binaire
04/01 23:23:23:878467: === Fin de l'encodage du texte
04/01 23:23:23:878531: == Ecriture du fichier binaire à partir du flux
04/01 23:23:23:878996: == Ecriture du fichier dictionnaire de correspondance
04/01 23:23:23:879062: == Fin encodage du fichier
04/01 23:23:23:879096: == Taille originale : 10001 octets
04/01 23:23:23:879111: == Taille du fichier binaire encodé : 8278 octets
04/01 23:23:23:879123: == Taille du fichier dictionnnaire : 833 octets
04/01 23:23:23:879135: = Taux de compression = 91 %
04/01 23:23:23:879469: = Decodage du fichier data/benchmark/size/10000-octets.txt.huffman-encoded
04/01 23:23:23:879549: == Restauration du dictionnaire de correspondance
04/01 23:23:23:879920: == Lecture du flux binaire
04/01 23:23:23:880139: == Décodage des bits en texte
04/01 23:23:23:880206: === Début du décodage du flux binaire de Huffman avec son dictionnaire (Module 3)
04/01 23:23:25:097228: == Ecriture du fichier original
04/01 23:23:25:097462: = Fin du décodage du fichier
04/01 23:23:30:578836: = Début encodage du fichier data/benchmark/size/10000-octets.txt
04/01 23:23:30:578974: === Début de l'encodage du texte
04/01 23:23:30:579064: === Calcul des fréquences d'apparition des caractères du texte
04/01 23:23:30:582714: === Creation de l'arbre de Huffman (Module 2)
04/01 23:23:30:583397: === Création du dictionnaire d'encodage
04/01 23:23:30:583714: === Génération de l'image de l'arbre
04/01 23:23:30:616477: === Encodage du texte en flot binaire
04/01 23:23:30:791400: === Fin de l'encodage du texte
04/01 23:23:30:791470: == Ecriture du fichier binaire à partir du flux
04/01 23:23:30:791943: == Ecriture du fichier dictionnaire de correspondance
04/01 23:23:30:792020: == Fin encodage du fichier
04/01 23:23:30:792058: == Taille originale : 10001 octets
04/01 23:23:30:792076: == Taille du fichier binaire encodé : 8278 octets
04/01 23:23:30:792091: == Taille du fichier dictionnnaire : 833 octets
04/01 23:23:30:792104: = Taux de compression = 91 %
04/01 23:23:30:792479: = Decodage du fichier data/benchmark/size/10000-octets.txt.huffman-encoded
04/01 23:23:30:792585: == Restauration du dictionnaire de correspondance
04/01 23:23:30:793034: == Lecture du flux binaire
04/01 23:23:30:793389: == Décodage des bits en texte
04/01 23:23:30:793471: === Début du décodage du flux binaire de Huffman avec son dictionnaire (Module 3)
04/01 23:23:31:988952: == Ecriture du fichier original
04/01 23:23:31:989158: = Fin du décodage du fichier
04/01 23:23:37:725090: = Début encodage du fichier data/benchmark/size/25000-octets.txt
04/01 23:23:37:732899: === Début de l'encodage du texte
04/01 23:23:37:733042: === Calcul des fréquences d'apparition des caractères du texte
04/01 23:23:37:742940: === Creation de l'arbre de Huffman (Module 2)
04/01 23:23:37:743651: === Création du dictionnaire d'encodage
04/01 23:23:37:743968: === Génération de l'image de l'arbre
04/01 23:23:37:777915: === Encodage du texte en flot binaire
04/01 23:23:38:179324: === Fin de l'encodage du texte
04/01 23:23:38:179421: == Ecriture du fichier binaire à partir du flux
04/01 23:23:38:180926: == Ecriture du fichier dictionnaire de correspondance
04/01 23:23:38:181038: == Fin encodage du fichier
04/01 23:23:38:181085: == Taille originale : 25001 octets
04/01 23:23:38:181106: == Taille du fichier binaire encodé : 20752 octets
04/01 23:23:38:181123: == Taille du fichier dictionnnaire : 833 octets
04/01 23:23:38:181139: = Taux de compression = 86 %
04/01 23:23:38:181545: = Decodage du fichier data/benchmark/size/25000-octets.txt.huffman-encoded
04/01 23:23:38:181668: == Restauration du dictionnaire de correspondance
04/01 23:23:38:182178: == Lecture du flux binaire
04/01 23:23:38:182756: == Décodage des bits en texte
04/01 23:23:38:182829: === Début du décodage du flux binaire de Huffman avec son dictionnaire (Module 3)
04/01 23:23:41:548413: == Ecriture du fichier original
04/01 23:23:41:548614: = Fin du décodage du fichier
04/01 23:23:47:894085: = Début encodage du fichier data/benchmark/size/50000-octets.txt
04/01 23:23:47:902069: === Début de l'encodage du texte
04/01 23:23:47:902207: === Calcul des fréquences d'apparition des caractères du texte
04/01 23:23:47:925948: === Creation de l'arbre de Huffman (Module 2)
04/01 23:23:47:926677: === Création du dictionnaire d'encodage
04/01 23:23:47:927001: === Génération de l'image de l'arbre
04/01 23:23:47:961658: === Encodage du texte en flot binaire
04/01 23:23:48:751919: === Fin de l'encodage du texte
04/01 23:23:48:751996: == Ecriture du fichier binaire à partir du flux
04/01 23:23:48:753685: == Ecriture du fichier dictionnaire de correspondance
04/01 23:23:48:753792: == Fin encodage du fichier
04/01 23:23:48:753838: == Taille originale : 50001 octets
04/01 23:23:48:753867: == Taille du fichier binaire encodé : 41539 octets
04/01 23:23:48:753882: == Taille du fichier dictionnnaire : 833 octets
04/01 23:23:48:753895: = Taux de compression = 84 %
04/01 23:23:48:754290: = Decodage du fichier data/benchmark/size/50000-octets.txt.huffman-encoded
04/01 23:23:48:754383: == Restauration du dictionnaire de correspondance
04/01 23:23:48:755042: == Lecture du flux binaire
04/01 23:23:48:788653: == Décodage des bits en texte
04/01 23:23:48:788765: === Début du décodage du flux binaire de Huffman avec son dictionnaire (Module 3)
04/01 23:23:56:607143: == Ecriture du fichier original
04/01 23:23:56:607354: = Fin du décodage du fichier
04/01 23:24:05:312212: = Début encodage du fichier data/benchmark/size/80000-octets.txt
04/01 23:24:05:320294: === Début de l'encodage du texte
04/01 23:24:05:320454: === Calcul des fréquences d'apparition des caractères du texte
04/01 23:24:05:354622: === Creation de l'arbre de Huffman (Module 2)
04/01 23:24:05:355520: === Création du dictionnaire d'encodage
04/01 23:24:05:356059: === Génération de l'image de l'arbre
04/01 23:24:05:395257: === Encodage du texte en flot binaire
04/01 23:24:06:728265: === Fin de l'encodage du texte
04/01 23:24:06:728333: == Ecriture du fichier binaire à partir du flux
04/01 23:24:06:730800: == Ecriture du fichier dictionnaire de correspondance
04/01 23:24:06:730869: == Fin encodage du fichier
04/01 23:24:06:730906: == Taille originale : 80001 octets
04/01 23:24:06:730923: == Taille du fichier binaire encodé : 66496 octets
04/01 23:24:06:730935: == Taille du fichier dictionnnaire : 833 octets
04/01 23:24:06:730947: = Taux de compression = 84 %
04/01 23:24:06:731291: = Decodage du fichier data/benchmark/size/80000-octets.txt.huffman-encoded
04/01 23:24:06:731371: == Restauration du dictionnaire de correspondance
04/01 23:24:06:731747: == Lecture du flux binaire
04/01 23:24:06:733065: == Décodage des bits en texte
04/01 23:24:06:733152: === Début du décodage du flux binaire de Huffman avec son dictionnaire (Module 3)
04/01 23:24:21:776802: == Ecriture du fichier original
04/01 23:24:21:777100: = Fin du décodage du fichier
04/01 23:24:54:208629: = Début encodage du fichier data/benchmark/size/90000-octets.txt
04/01 23:24:54:209057: === Début de l'encodage du texte
04/01 23:24:54:209120: === Calcul des fréquences d'apparition des caractères du texte
04/01 23:24:54:253930: === Creation de l'arbre de Huffman (Module 2)
04/01 23:24:54:254973: === Création du dictionnaire d'encodage
04/01 23:24:54:255452: === Génération de l'image de l'arbre
04/01 23:24:54:292346: === Encodage du texte en flot binaire
04/01 23:24:55:779802: === Fin de l'encodage du texte
04/01 23:24:55:779876: == Ecriture du fichier binaire à partir du flux
04/01 23:24:55:782935: == Ecriture du fichier dictionnaire de correspondance
04/01 23:24:55:783098: == Fin encodage du fichier
04/01 23:24:55:783173: == Taille originale : 90001 octets
04/01 23:24:55:783193: == Taille du fichier binaire encodé : 74813 octets
04/01 23:24:55:783209: == Taille du fichier dictionnnaire : 833 octets
04/01 23:24:55:783223: = Taux de compression = 84 %
04/01 23:24:55:783607: = Decodage du fichier data/benchmark/size/90000-octets.txt.huffman-encoded
04/01 23:24:55:783710: == Restauration du dictionnaire de correspondance
04/01 23:24:55:790659: == Lecture du flux binaire
04/01 23:24:55:836571: == Décodage des bits en texte
04/01 23:24:55:836692: === Début du décodage du flux binaire de Huffman avec son dictionnaire (Module 3)
04/01 23:25:14:156726: == Ecriture du fichier original
04/01 23:25:14:157170: = Fin du décodage du fichier
04/01 23:25:20:930144: = Début encodage du fichier data/benchmark/size/110000-octets.txt
04/01 23:25:20:938514: === Début de l'encodage du texte
04/01 23:25:20:938619: === Calcul des fréquences d'apparition des caractères du texte
04/01 23:25:20:987233: === Creation de l'arbre de Huffman (Module 2)
04/01 23:25:20:988004: === Création du dictionnaire d'encodage
04/01 23:25:20:988371: === Génération de l'image de l'arbre
04/01 23:25:21:022222: === Encodage du texte en flot binaire
04/01 23:25:22:836763: === Fin de l'encodage du texte
04/01 23:25:22:836836: == Ecriture du fichier binaire à partir du flux
04/01 23:25:22:840478: == Ecriture du fichier dictionnaire de correspondance
04/01 23:25:22:840642: == Fin encodage du fichier
04/01 23:25:22:840683: == Taille originale : 110001 octets
04/01 23:25:22:840699: == Taille du fichier binaire encodé : 91449 octets
04/01 23:25:22:840713: == Taille du fichier dictionnnaire : 833 octets
04/01 23:25:22:840725: = Taux de compression = 83 %
04/01 23:25:22:841066: = Decodage du fichier data/benchmark/size/110000-octets.txt.huffman-encoded
04/01 23:25:22:841149: == Restauration du dictionnaire de correspondance
04/01 23:25:22:848101: == Lecture du flux binaire
04/01 23:25:22:851706: == Décodage des bits en texte
04/01 23:25:22:851874: === Début du décodage du flux binaire de Huffman avec son dictionnaire (Module 3)
04/01 23:25:48:560951: == Ecriture du fichier original
04/01 23:25:48:561369: = Fin du décodage du fichier
04/01 23:25:59:284074: = Début encodage du fichier data/benchmark/size/140000-octets.txt
04/01 23:25:59:284341: === Début de l'encodage du texte
04/01 23:25:59:284454: === Calcul des fréquences d'apparition des caractères du texte
04/01 23:25:59:338593: === Creation de l'arbre de Huffman (Module 2)
04/01 23:25:59:339401: === Création du dictionnaire d'encodage
04/01 23:25:59:339778: === Génération de l'image de l'arbre
04/01 23:25:59:374707: === Encodage du texte en flot binaire
04/01 23:26:01:798119: === Fin de l'encodage du texte
04/01 23:26:01:798224: == Ecriture du fichier binaire à partir du flux
04/01 23:26:01:843300: == Ecriture du fichier dictionnaire de correspondance
04/01 23:26:01:843437: == Fin encodage du fichier
04/01 23:26:01:843490: == Taille originale : 140001 octets
04/01 23:26:01:843511: == Taille du fichier binaire encodé : 116428 octets
04/01 23:26:01:843548: == Taille du fichier dictionnnaire : 833 octets
04/01 23:26:01:843566: = Taux de compression = 83 %
04/01 23:26:01:844004: = Decodage du fichier data/benchmark/size/140000-octets.txt.huffman-encoded
04/01 23:26:01:844117: == Restauration du dictionnaire de correspondance
04/01 23:26:01:844671: == Lecture du flux binaire
04/01 23:26:01:847956: == Décodage des bits en texte
04/01 23:26:01:848131: === Début du décodage du flux binaire de Huffman avec son dictionnaire (Module 3)
04/01 23:26:37:969834: == Ecriture du fichier original
04/01 23:26:37:970138: = Fin du décodage du fichier
